2025-09-19 09:14:29,734 - ai_innovation - INFO - Logging system initialized
2025-09-19 09:15:26,540 - ai_innovation - INFO - Logging system initialized
2025-09-19 09:16:13,522 - ai_innovation - INFO - Logging system initialized
2025-09-19 09:16:13,522 - phone_server.manager - INFO - Starting AI-Powered Phone Server...
2025-09-19 09:16:13,522 - ai_models.call_routing_ai - INFO - Initializing Call Routing AI...
2025-09-19 09:16:13,522 - ai_models.call_routing_ai - INFO - Call Routing AI initialized
2025-09-19 09:16:13,522 - ai_models.voice_recognition - INFO - Initializing Voice Recognition Engine...
2025-09-19 09:16:13,522 - ai_models.fraud_detection - INFO - Initializing Fraud Detection System...
2025-09-19 09:16:13,522 - ai_models.predictive_maintenance - INFO - Initializing Predictive Maintenance Engine...
2025-09-19 09:16:13,623 - apis.telephony - INFO - Connecting to telephony services...
2025-09-19 09:16:13,623 - apis.telephony - INFO - Twilio client initialized
2025-09-19 09:16:13,623 - apis.telephony - INFO - Asterisk client initialized
2025-09-19 09:16:13,623 - apis.telephony - INFO - FreeSWITCH client initialized
2025-09-19 09:16:13,623 - apis.telephony - INFO - Connected to telephony services
2025-09-19 09:16:13,623 - phone_server.manager - INFO - AI-Powered Phone Server started
2025-09-19 09:16:13,623 - phone_server.manager - INFO - Handling incoming call: demo_call_001
2025-09-19 09:16:13,623 - phone_server.manager - INFO - Routing call demo_call_001 - Type: ivr, Target: personalized_main_menu
2025-09-19 09:16:13,624 - apis.telephony - INFO - Starting IVR flow for call demo_call_001
2025-09-19 09:16:13,724 - apis.telephony - INFO - IVR flow personalized_main_menu started for call demo_call_001
2025-09-19 09:16:13,724 - phone_server.manager - INFO - Stopping AI-Powered Phone Server...
2025-09-19 09:16:13,724 - apis.telephony - INFO - Ending call demo_call_001
2025-09-19 09:16:13,825 - apis.telephony - INFO - Disconnecting from telephony services...
2025-09-19 09:16:13,825 - apis.telephony - INFO - Disconnected from telephony services
2025-09-19 09:16:13,825 - phone_server.manager - INFO - AI-Powered Phone Server stopped
2025-09-19 09:16:13,825 - internet_gateway.manager - INFO - Starting AI-Driven Internet Gateway...
2025-09-19 09:16:13,825 - ai_models.traffic_ai - INFO - Initializing Traffic Management AI...
2025-09-19 09:16:13,825 - ai_models.threat_detection - INFO - Initializing Threat Detection System...
2025-09-19 09:16:13,825 - ai_models.qos_optimizer - INFO - Initializing QoS Optimizer...
2025-09-19 09:16:13,825 - ai_models.network_healing - INFO - Initializing Network Healing Engine...
2025-09-19 09:16:13,926 - apis.network - INFO - Connecting to network management systems...
2025-09-19 09:16:13,926 - internet_gateway.manager - INFO - Updated traffic rules: 1 new rules added
2025-09-19 09:16:13,926 - internet_gateway.manager - ERROR - QoS optimization error: 'NetworkMetrics' object has no attribute 'get_user_behavior_patterns'
2025-09-19 09:16:14,026 - internet_gateway.manager - INFO - AI-Driven Internet Gateway started
2025-09-19 09:16:14,027 - internet_gateway.manager - INFO - Stopping AI-Driven Internet Gateway...
2025-09-19 09:16:14,027 - internet_gateway.manager - INFO - AI-Driven Internet Gateway stopped
2025-09-19 09:16:14,027 - automation.orchestrator - INFO - Starting Automation Orchestrator...
2025-09-19 09:16:14,027 - ai_models.orchestration_ai - INFO - Initializing Orchestration AI...
2025-09-19 09:16:14,027 - ai_models.orchestration_ai - INFO - Loading decision models...
2025-09-19 09:16:14,127 - ai_models.orchestration_ai - INFO - Loading learning models...
2025-09-19 09:16:14,228 - ai_models.orchestration_ai - INFO - Orchestration AI initialized
2025-09-19 09:16:14,228 - automation.orchestrator - INFO - Automation Orchestrator started
2025-09-19 09:16:14,230 - automation.orchestrator - INFO - Executing automation: scale_up on compute_resources
2025-09-19 09:16:14,230 - automation.orchestrator - INFO - Scaling compute_resources up by factor 1.5
2025-09-19 09:16:14,230 - automation.orchestrator - INFO - Executing automation: scale_up on memory_resources
2025-09-19 09:16:14,230 - automation.orchestrator - INFO - Scaling memory_resources up by factor 1.3
2025-09-19 09:16:14,230 - automation.orchestrator - INFO - Learning improvements applied: ['Updated response time prediction model', 'Updated resource usage model']
2025-09-19 09:16:14,230 - ai_models.orchestration_ai - ERROR - Error generating optimizations: 'list' object has no attribute 'get'
